<?xml version="1.0" encoding="UTF-8"?>
<!-- Generated by org.testng.reporters.JUnitReportReporter -->
<testsuite hostname="QSP" failures="0" tests="1" name="com.Testyantra.Github.scripts.PostOperation" time="5.589" errors="0" timestamp="2022-01-19T08:01:22 IST" skipped="0">
  <testcase classname="com.Testyantra.Github.scripts.PostOperation" name="tc2" time="5.589"/>
</testsuite> <!-- com.Testyantra.Github.scripts.PostOperation -->
